<?xml version="1.0" encoding="utf-8"?><testsuites name="pytest tests"><testsuite name="pytest" errors="0" failures="0" skipped="0" tests="8" time="2.534" timestamp="2026-07-08T13:44:08.646412+00:00" hostname="agent-env-d1c769bb-a35a-45e1-9d51-42d8301a89b0"><testcase classname="tests.test_activation.TestRegression" name="test_products_list" time="0.331" /><testcase classname="tests.test_activation.TestActivationCreate" name="test_create_activation_success" time="0.887" /><testcase classname="tests.test_activation.TestRegression" name="test_banner" time="0.167" /><testcase classname="tests.test_activation.TestRegression" name="test_admin_stats" time="0.518" /><testcase classname="tests.test_activation.TestActivationCreate" name="test_create_activation_empty_key" time="0.110" /><testcase classname="tests.test_activation.TestActivationCreate" name="test_create_activation_invalid_email" time="0.101" /><testcase classname="tests.test_activation.TestAdminActivations" name="test_admin_list_requires_auth" time="0.160" /><testcase classname="tests.test_activation.TestAdminActivations" name="test_admin_list_and_patch" time="0.789" /></testsuite></testsuites>