<?xml version="1.0" encoding="utf-8"?><testsuites name="pytest tests"><testsuite name="pytest" errors="0" failures="0" skipped="0" tests="4" time="1.715" timestamp="2026-07-08T13:17:48.987731+00:00" hostname="agent-env-d1c769bb-a35a-45e1-9d51-42d8301a89b0"><testcase classname="tests.test_iteration3.TestOrderCustomerFields" name="test_order_with_phone_address" time="0.588" /><testcase classname="tests.test_iteration3.TestPayPalLive" name="test_config_live" time="0.294" /><testcase classname="tests.test_iteration3.TestPayPalLive" name="test_paypal_order_create" time="0.866" /><testcase classname="tests.test_iteration3.TestOrderCustomerFields" name="test_order_without_phone_address" time="0.196" /></testsuite></testsuites>