<?xml version="1.0" encoding="utf-8"?><testsuites name="pytest tests"><testsuite name="pytest" errors="0" failures="0" skipped="0" tests="15" time="2.696" timestamp="2026-07-08T13:00:15.424628+00:00" hostname="agent-env-d1c769bb-a35a-45e1-9d51-42d8301a89b0"><testcase classname="tests.backend_test.TestCouponValidate" name="test_welcome10_valid" time="0.159" /><testcase classname="tests.backend_test.TestProducts" name="test_products_count_20" time="0.153" /><testcase classname="tests.backend_test.TestProducts" name="test_box_variant_present" time="0.114" /><testcase classname="tests.backend_test.TestCouponValidate" name="test_save20_below_min" time="0.159" /><testcase classname="tests.backend_test.TestProducts" name="test_new_products_present" time="0.104" /><testcase classname="tests.backend_test.TestCouponValidate" name="test_invalid_code" time="0.102" /><testcase classname="tests.backend_test.TestProducts" name="test_ultimate_plus_price" time="0.101" /><testcase classname="tests.backend_test.TestCouponValidate" name="test_case_insensitive" time="0.107" /><testcase classname="tests.backend_test.TestOrderCoupon" name="test_order_with_valid_coupon" time="0.388" /><testcase classname="tests.backend_test.TestAdminCoupons" name="test_list_coupons" time="0.485" /><testcase classname="tests.backend_test.TestOrderCoupon" name="test_order_with_invalid_coupon_still_created" time="0.204" /><testcase classname="tests.backend_test.TestAdminCoupons" name="test_create_update_delete_coupon" time="0.884" /><testcase classname="tests.backend_test.TestOrderCoupon" name="test_order_with_save20_below_min" time="0.239" /><testcase classname="tests.backend_test.TestAdminBanner" name="test_patch_banner" time="0.745" /><testcase classname="tests.backend_test.TestBanner" name="test_banner_public" time="0.097" /></testsuite></testsuites>